4	Error codigo de operacion no puede ser null.
.................................................................................
5	Error codigo de operacion invalido: X,Y
	Error un codigo de operacion debe de tener letras(mayusculas o minusculas) y puede contener un solo punto.
	Caracteres invalidos:  ,
.................................................................................
5	Error codigo de operacion no puede ser null.
.................................................................................
6	Error codigo de operacion no puede ser null.
.................................................................................
7	Error codigo de operacion no puede ser null.
.................................................................................
10	Error supero el numero maximo de caracteres que es de 8.
	 Ingreso: 9
.................................................................................
10	Error etiqueta invalida: ETQ056789
.................................................................................
11	Error una etiqueta debe de comenzar con letra ya sea mayuscula o minuscula.
	Ingreso: 1
.................................................................................
11	Error etiqueta invalida: 1ET
	Error una etiqueta debe de tener digitos, letras(mayusculas o minusculas) o guion bajo.
	Caracteres invalidos: 1
.................................................................................
12	Error etiqueta invalida: ET1$A
	Error una etiqueta debe de tener digitos, letras(mayusculas o minusculas) o guion bajo.
	Caracteres invalidos:  $
.................................................................................
13	Error un codigo de operacion debe de comenzar con letra ya sea mayuscula o minuscula.
	 Ingreso: 4
.................................................................................
13	Error codigo de operacion invalido: 4MOV
	Error un codigo de operacion debe de tener letras(mayusculas o minusculas) y puede contener un solo punto.
	Caracteres invalidos: 4
.................................................................................
13	Error codigo de operacion no puede ser null.
.................................................................................
14	Error supero el numero maximo de caracteres que es de 5.
	Ingreso: 6
.................................................................................
14	Error codigo de operacion invalido: CODIGO
.................................................................................
14	Error codigo de operacion no puede ser null.
.................................................................................
15	Error supero el numero maximo de caracteres que es de 5.
	Ingreso: 7
.................................................................................
15	Error codigo de operacion invalido: COD.OPE
.................................................................................
15	Error codigo de operacion no puede ser null.
.................................................................................
16	Error supero el limite de puntos permitidos es de 1:
	Ingreso: 2
.................................................................................
16	Error codigo de operacion invalido: M.O.S
.................................................................................
16	Error codigo de operacion no puede ser null.
.................................................................................
18	Error codigo de operacion no puede ser null.
.................................................................................
22	Error ingreso un token que no es etiqueta, codigo de operacion u operando.
	Token invalido: OTRO
.................................................................................
25	Error ingreso un token que no es etiqueta, codigo de operacion u operando.
	Token invalido: c
.................................................................................
